Using pre-set license
Built from '6000.0/staging' branch; Version is '6000.0.41f1 (46e447368a18) revision 4645959'; Using compiler version '193933523'; Build Type 'Release'
OS: 'Windows 11  (10.0.22631) 64bit Professional' Language: 'en' Physical Memory: 16165 MB
BatchMode: 1, IsHumanControllingUs: 0, StartBugReporterOnCrash: 0, Is64bit: 1, IsPro: 1

COMMAND LINE ARGUMENTS:
A:\Unity\Installs\6000.0.41f1\Editor\Unity.exe
-adb2
-batchMode
-noUpm
-name
AssetImportWorker12
-projectPath
A:/Descended
-logFile
Logs/AssetImportWorker12.log
-srvPort
55697
-job-worker-count
7
-background-job-worker-count
8
-gc-helper-count
1
Successfully changed project path to: A:/Descended
A:/Descended
[UnityMemory] Configuration Parameters - Can be set up in boot.config
    "memorysetup-bucket-allocator-granularity=16"
    "memorysetup-bucket-allocator-bucket-count=8"
    "memorysetup-bucket-allocator-block-size=33554432"
    "memorysetup-bucket-allocator-block-count=8"
    "memorysetup-main-allocator-block-size=16777216"
    "memorysetup-thread-allocator-block-size=16777216"
    "memorysetup-gfx-main-allocator-block-size=16777216"
    "memorysetup-gfx-thread-allocator-block-size=16777216"
    "memorysetup-cache-allocator-block-size=4194304"
    "memorysetup-typetree-allocator-block-size=2097152"
    "memorysetup-profiler-bucket-allocator-granularity=16"
    "memorysetup-profiler-bucket-allocator-bucket-count=8"
    "memorysetup-profiler-bucket-allocator-block-size=33554432"
    "memorysetup-profiler-bucket-allocator-block-count=8"
    "memorysetup-profiler-allocator-block-size=16777216"
    "memorysetup-profiler-editor-allocator-block-size=1048576"
    "memorysetup-temp-allocator-size-main=16777216"
    "memorysetup-job-temp-allocator-block-size=2097152"
    "memorysetup-job-temp-allocator-block-size-background=1048576"
    "memorysetup-job-temp-allocator-reduction-small-platforms=262144"
    "memorysetup-allocator-temp-initial-block-size-main=262144"
    "memorysetup-allocator-temp-initial-block-size-worker=262144"
    "memorysetup-temp-allocator-size-background-worker=32768"
    "memorysetup-temp-allocator-size-job-worker=262144"
    "memorysetup-temp-allocator-size-preload-manager=33554432"
    "memorysetup-temp-allocator-size-nav-mesh-worker=65536"
    "memorysetup-temp-allocator-size-audio-worker=65536"
    "memorysetup-temp-allocator-size-cloud-worker=32768"
    "memorysetup-temp-allocator-size-gi-baking-worker=262144"
    "memorysetup-temp-allocator-size-gi-baking-worker=262144"
    "memorysetup-temp-allocator-size-gi-baking-worker=262144"
    "memorysetup-temp-allocator-size-gi-baking-worker=262144"
    "memorysetup-temp-allocator-size-gi-baking-worker=262144"
    "memorysetup-temp-allocator-size-gfx=262144"
Player connection [7656]  Target information:

Player connection [7656]  * "[IP] 192.168.1.3 [Port] 0 [Flags] 2 [Guid] 2445748534 [EditorId] 2445748534 [Version] 1048832 [Id] WindowsEditor(7,Desktor) [Debug] 1 [PackageName] WindowsEditor [ProjectName] Editor" 

Player connection [7656] Host joined multi-casting on [225.0.0.222:54997]...
Player connection [7656] Host joined alternative multi-casting on [225.0.0.222:34997]...
JobSystem: Creating JobQueue using job-worker-count value 7
Input System module state changed to: Initialized.
[Physics::Module] Initialized fallback backend.
[Physics::Module] Id: 0xdecafbad
Library Redirect Path: Library/
[Physics::Module] Selected backend.
[Physics::Module] Name: PhysX
[Physics::Module] Id: 0xf2b8ea05
[Physics::Module] SDK Version: 4.1.2
[Physics::Module] Integration Version: 1.0.0
[Physics::Module] Threading Mode: Multi-Threaded
Refreshing native plugins compatible for Editor in 0.82 ms, found 2 plugins.
Preloading 0 native plugins for Editor in 0.00 ms.
Initialize engine version: 6000.0.41f1 (46e447368a18)
[Subsystems] Discovering subsystems at path A:/Unity/Installs/6000.0.41f1/Editor/Data/Resources/UnitySubsystems
[Subsystems] Discovering subsystems at path A:/Descended/Assets
GfxDevice: creating device client; kGfxThreadingModeNonThreaded
Direct3D:
    Version:  Direct3D 11.0 [level 11.1]
    Renderer: NVIDIA GeForce RTX 4070 SUPER (ID=0x2783)
    Vendor:   NVIDIA
    VRAM:     11999 MB
    Driver:   32.0.15.6614
Initialize mono
Mono path[0] = 'A:/Unity/Installs/6000.0.41f1/Editor/Data/Managed'
Mono path[1] = 'A:/Unity/Installs/6000.0.41f1/Editor/Data/MonoBleedingEdge/lib/mono/unityjit-win32'
Mono config path = 'A:/Unity/Installs/6000.0.41f1/Editor/Data/MonoBleedingEdge/etc'
Using monoOptions --debugger-agent=transport=dt_socket,embedding=1,server=y,suspend=n,address=127.0.0.1:56544
Begin MonoManager ReloadAssembly
Registering precompiled unity dll's ...
Register platform support module: A:/Unity/Installs/6000.0.41f1/Editor/Data/PlaybackEngines/WindowsStandaloneSupport/UnityEditor.WindowsStandalone.Extensions.dll
Registered in 0.001229 seconds.
- Loaded All Assemblies, in  0.368 seconds
Native extension for WindowsStandalone target not found
Mono: successfully reloaded assembly
- Finished resetting the current domain, in  0.319 seconds
Domain Reload Profiling: 687ms
	BeginReloadAssembly (129ms)
		ExecutionOrderSort (0ms)
		DisableScriptedObjects (0ms)
		BackupInstance (0ms)
		ReleaseScriptingObjects (0ms)
		CreateAndSetChildDomain (1ms)
	RebuildCommonClasses (32ms)
	RebuildNativeTypeToScriptingClass (12ms)
	initialDomainReloadingComplete (44ms)
	LoadAllAssembliesAndSetupDomain (151ms)
		LoadAssemblies (128ms)
		RebuildTransferFunctionScriptingTraits (0ms)
		AnalyzeDomain (148ms)
			TypeCache.Refresh (146ms)
				TypeCache.ScanAssembly (132ms)
			BuildScriptInfoCaches (0ms)
			ResolveRequiredComponents (0ms)
	FinalizeReload (320ms)
		ReleaseScriptCaches (0ms)
		RebuildScriptCaches (0ms)
		SetupLoadedEditorAssemblies (281ms)
			LogAssemblyErrors (0ms)
			InitializePlatformSupportModulesInManaged (23ms)
			SetLoadedEditorAssemblies (6ms)
			BeforeProcessingInitializeOnLoad (51ms)
			ProcessInitializeOnLoadAttributes (148ms)
			ProcessInitializeOnLoadMethodAttributes (53ms)
			AfterProcessingInitializeOnLoad (0ms)
			EditorAssembliesLoaded (0ms)
		ExecutionOrderSort2 (0ms)
		AwakeInstancesAfterBackupRestoration (0ms)
========================================================================
Worker process is ready to serve import requests
Import Worker Mode flag is 0x00
Begin MonoManager ReloadAssembly
- Loaded All Assemblies, in  0.612 seconds
Refreshing native plugins compatible for Editor in 0.25 ms, found 2 plugins.
Native extension for WindowsStandalone target not found
The project currently uses the compatibility mode where the Render Graph API is disabled. Support for this mode will be removed in future Unity versions. Migrate existing ScriptableRenderPasses to the new RenderGraph API. After the migration, disable the compatibility mode in Edit > Projects Settings > Graphics > Render Graph.
UnityEngine.Debug:ExtractStackTraceNoAlloc (byte*,int,string)
UnityEngine.StackTraceUtility:ExtractStackTrace ()
UnityEngine.DebugLogHandler:Internal_Log (UnityEngine.LogType,UnityEngine.LogOption,string,UnityEngine.Object)
UnityEngine.DebugLogHandler:LogFormat (UnityEngine.LogType,UnityEngine.Object,string,object[])
UnityEngine.Logger:Log (UnityEngine.LogType,object)
UnityEngine.Debug:LogWarning (object)
UnityEngine.Rendering.Universal.WarnUsingNonRenderGraph:EmitConsoleWarning () (at ./Packages/com.unity.render-pipelines.universal@506b3deb0041/Runtime/Data/UniversalRenderPipelineAsset.cs:427)
System.Reflection.RuntimeMethodInfo:Invoke (object,System.Reflection.BindingFlags,System.Reflection.Binder,object[],System.Globalization.CultureInfo)
System.Reflection.MethodBase:Invoke (object,object[])
UnityEditor.EditorAssemblies:ProcessInitializeOnLoadMethodAttributes ()

(Filename: ./Packages/com.unity.render-pipelines.universal@506b3deb0041/Runtime/Data/UniversalRenderPipelineAsset.cs Line: 427)

Mono: successfully reloaded assembly
- Finished resetting the current domain, in  0.542 seconds
Domain Reload Profiling: 1154ms
	BeginReloadAssembly (186ms)
		ExecutionOrderSort (0ms)
		DisableScriptedObjects (6ms)
		BackupInstance (0ms)
		ReleaseScriptingObjects (0ms)
		CreateAndSetChildDomain (39ms)
	RebuildCommonClasses (38ms)
	RebuildNativeTypeToScriptingClass (11ms)
	initialDomainReloadingComplete (35ms)
	LoadAllAssembliesAndSetupDomain (341ms)
		LoadAssemblies (294ms)
		RebuildTransferFunctionScriptingTraits (0ms)
		AnalyzeDomain (156ms)
			TypeCache.Refresh (118ms)
				TypeCache.ScanAssembly (104ms)
			BuildScriptInfoCaches (24ms)
			ResolveRequiredComponents (10ms)
	FinalizeReload (543ms)
		ReleaseScriptCaches (0ms)
		RebuildScriptCaches (0ms)
		SetupLoadedEditorAssemblies (409ms)
			LogAssemblyErrors (0ms)
			InitializePlatformSupportModulesInManaged (2ms)
			SetLoadedEditorAssemblies (3ms)
			BeforeProcessingInitializeOnLoad (66ms)
			ProcessInitializeOnLoadAttributes (253ms)
			ProcessInitializeOnLoadMethodAttributes (83ms)
			AfterProcessingInitializeOnLoad (1ms)
			EditorAssembliesLoaded (0ms)
		ExecutionOrderSort2 (0ms)
		AwakeInstancesAfterBackupRestoration (5ms)
Launched and connected shader compiler UnityShaderCompiler.exe after 0.01 seconds
Refreshing native plugins compatible for Editor in 0.46 ms, found 2 plugins.
Preloading 0 native plugins for Editor in 0.00 ms.
Unloading 204 Unused Serialized files (Serialized files now loaded: 0)
Unloading 3928 unused Assets / (3.8 MB). Loaded Objects now: 4607.
Memory consumption went from 144.6 MB to 140.8 MB.
Total: 6.723800 ms (FindLiveObjects: 0.446500 ms CreateObjectMapping: 0.503600 ms MarkObjects: 4.256100 ms  DeleteObjects: 1.516400 ms)

========================================================================
Received Import Request.
  Time since last request: 102860.602398 seconds.
  path: Assets/Materials/LightFog.mat
  artifactKey: Guid(b294a79f72a0c2e4ba1c158804860e34) Importer(815301076,1909f56bfc062723c751e8b465ee728b)
Start importing Assets/Materials/LightFog.mat using Guid(b294a79f72a0c2e4ba1c158804860e34) Importer(815301076,1909f56bfc062723c751e8b465ee728b) (PreviewImporter)CommandBuffer: temporary render texture  not found while executing  (Copy source)
UnityEngine.Debug:ExtractStackTraceNoAlloc (byte*,int,string)
UnityEngine.StackTraceUtility:ExtractStackTrace ()
UnityEngine.Rendering.ScriptableRenderContext:Submit ()
UnityEngine.Rendering.Universal.UniversalRenderPipeline:RenderSingleCamera (UnityEngine.Rendering.ScriptableRenderContext,UnityEngine.Rendering.Universal.UniversalCameraData) (at ./Packages/com.unity.render-pipelines.universal@506b3deb0041/Runtime/UniversalRenderPipeline.cs:887)
UnityEngine.Rendering.Universal.UniversalRenderPipeline:RenderSingleCameraInternal (UnityEngine.Rendering.ScriptableRenderContext,UnityEngine.Camera,UnityEngine.Rendering.Universal.UniversalAdditionalCameraData&) (at ./Packages/com.unity.render-pipelines.universal@506b3deb0041/Runtime/UniversalRenderPipeline.cs:690)
UnityEngine.Rendering.Universal.UniversalRenderPipeline:RenderSingleCameraInternal (UnityEngine.Rendering.ScriptableRenderContext,UnityEngine.Camera) (at ./Packages/com.unity.render-pipelines.universal@506b3deb0041/Runtime/UniversalRenderPipeline.cs:665)
UnityEngine.Rendering.Universal.UniversalRenderPipeline:Render (UnityEngine.Rendering.ScriptableRenderContext,System.Collections.Generic.List`1<UnityEngine.Camera>) (at ./Packages/com.unity.render-pipelines.universal@506b3deb0041/Runtime/UniversalRenderPipeline.cs:482)
UnityEngine.Rendering.RenderPipeline:InternalRender (UnityEngine.Rendering.ScriptableRenderContext,System.Collections.Generic.List`1<UnityEngine.Camera>)
UnityEngine.Rendering.RenderPipelineManager:DoRenderLoop_Internal (UnityEngine.Rendering.RenderPipelineAsset,intptr,UnityEngine.Object,Unity.Collections.LowLevel.Unsafe.AtomicSafetyHandle)
UnityEngine.Camera:Render ()
UnityEditor.PreviewRenderUtility:Render (bool,bool)
UnityEditor.MaterialEditor:DoRenderPreview (UnityEditor.PreviewRenderUtility,bool)
UnityEditor.MaterialEditor:RenderStaticPreview (string,UnityEngine.Object[],int,int)
UnityEditor.AssetPreviewUpdater:CreatePreview (UnityEngine.Object,UnityEngine.Object[],string,int,int)
UnityEditor.AssetPreviewUpdater:CreatePreviewForAsset (UnityEngine.Object,UnityEngine.Object[],string)

[./Packages/com.unity.render-pipelines.universal@506b3deb0041/Runtime/UniversalRenderPipeline.cs line 887]

CommandBuffer: temporary render texture  not found while executing  (Copy destination)
UnityEngine.Debug:ExtractStackTraceNoAlloc (byte*,int,string)
UnityEngine.StackTraceUtility:ExtractStackTrace ()
UnityEngine.Rendering.ScriptableRenderContext:Submit ()
UnityEngine.Rendering.Universal.UniversalRenderPipeline:RenderSingleCamera (UnityEngine.Rendering.ScriptableRenderContext,UnityEngine.Rendering.Universal.UniversalCameraData) (at ./Packages/com.unity.render-pipelines.universal@506b3deb0041/Runtime/UniversalRenderPipeline.cs:887)
UnityEngine.Rendering.Universal.UniversalRenderPipeline:RenderSingleCameraInternal (UnityEngine.Rendering.ScriptableRenderContext,UnityEngine.Camera,UnityEngine.Rendering.Universal.UniversalAdditionalCameraData&) (at ./Packages/com.unity.render-pipelines.universal@506b3deb0041/Runtime/UniversalRenderPipeline.cs:690)
UnityEngine.Rendering.Universal.UniversalRenderPipeline:RenderSingleCameraInternal (UnityEngine.Rendering.ScriptableRenderContext,UnityEngine.Camera) (at ./Packages/com.unity.render-pipelines.universal@506b3deb0041/Runtime/UniversalRenderPipeline.cs:665)
UnityEngine.Rendering.Universal.UniversalRenderPipeline:Render (UnityEngine.Rendering.ScriptableRenderContext,System.Collections.Generic.List`1<UnityEngine.Camera>) (at ./Packages/com.unity.render-pipelines.universal@506b3deb0041/Runtime/UniversalRenderPipeline.cs:482)
UnityEngine.Rendering.RenderPipeline:InternalRender (UnityEngine.Rendering.ScriptableRenderContext,System.Collections.Generic.List`1<UnityEngine.Camera>)
UnityEngine.Rendering.RenderPipelineManager:DoRenderLoop_Internal (UnityEngine.Rendering.RenderPipelineAsset,intptr,UnityEngine.Object,Unity.Collections.LowLevel.Unsafe.AtomicSafetyHandle)
UnityEngine.Camera:Render ()
UnityEditor.PreviewRenderUtility:Render (bool,bool)
UnityEditor.MaterialEditor:DoRenderPreview (UnityEditor.PreviewRenderUtility,bool)
UnityEditor.MaterialEditor:RenderStaticPreview (string,UnityEngine.Object[],int,int)
UnityEditor.AssetPreviewUpdater:CreatePreview (UnityEngine.Object,UnityEngine.Object[],string,int,int)
UnityEditor.AssetPreviewUpdater:CreatePreviewForAsset (UnityEngine.Object,UnityEngine.Object[],string)

[./Packages/com.unity.render-pipelines.universal@506b3deb0041/Runtime/UniversalRenderPipeline.cs line 887]

 -> (artifact id: '1d626bf0c5c0c06dd5fb433f136e8201') in 1.5843552 seconds
Number of updated asset objects reloaded before import = 2Number of asset objects unloaded after import = 7

========================================================================
Received Import Request.
  Time since last request: 105.970208 seconds.
  path: Assets/Materials/AmbientGlitter.mat
  artifactKey: Guid(dd7bba94082c8a943a154dec901de241) Importer(815301076,1909f56bfc062723c751e8b465ee728b)
Start importing Assets/Materials/AmbientGlitter.mat using Guid(dd7bba94082c8a943a154dec901de241) Importer(815301076,1909f56bfc062723c751e8b465ee728b) (PreviewImporter) -> (artifact id: '3e6c8b646a6f2df614b606924a345553') in 0.2785744 seconds
Number of updated asset objects reloaded before import = 2Number of asset objects unloaded after import = 7

========================================================================
Received Import Request.
  Time since last request: 0.000029 seconds.
  path: Assets/Materials/ObjectFog.mat
  artifactKey: Guid(ebe49d596ca1fd54da43fcf1905d2142) Importer(815301076,1909f56bfc062723c751e8b465ee728b)
Start importing Assets/Materials/ObjectFog.mat using Guid(ebe49d596ca1fd54da43fcf1905d2142) Importer(815301076,1909f56bfc062723c751e8b465ee728b) (PreviewImporter) -> (artifact id: '47a75b6a497e3dc7c29519d9348c2fb3') in 1.192641 seconds
Number of updated asset objects reloaded before import = 0Number of asset objects unloaded after import = 5

========================================================================
Received Import Request.
  Time since last request: 63.655963 seconds.
  path: Assets/Materials/WhiteGlow.mat
  artifactKey: Guid(4200fe805bac6a24188ac7013ac006a8) Importer(815301076,1909f56bfc062723c751e8b465ee728b)
Start importing Assets/Materials/WhiteGlow.mat using Guid(4200fe805bac6a24188ac7013ac006a8) Importer(815301076,1909f56bfc062723c751e8b465ee728b) (PreviewImporter) -> (artifact id: '61fdeb7b609e7991c420458e640894ac') in 0.7497381 seconds
Number of updated asset objects reloaded before import = 1Number of asset objects unloaded after import = 7

========================================================================
Received Import Request.
  Time since last request: 30.949833 seconds.
  path: Assets/Materials/AmbientGlitter.mat
  artifactKey: Guid(dd7bba94082c8a943a154dec901de241) Importer(815301076,1909f56bfc062723c751e8b465ee728b)
Start importing Assets/Materials/AmbientGlitter.mat using Guid(dd7bba94082c8a943a154dec901de241) Importer(815301076,1909f56bfc062723c751e8b465ee728b) (PreviewImporter) -> (artifact id: 'fbc6424fd433cc6ef9826b9d42dd799b') in 0.4506955 seconds
Number of updated asset objects reloaded before import = 3Number of asset objects unloaded after import = 7

========================================================================
Received Import Request.
  Time since last request: 0.000048 seconds.
  path: Assets/Materials/ObjectFog.mat
  artifactKey: Guid(ebe49d596ca1fd54da43fcf1905d2142) Importer(815301076,1909f56bfc062723c751e8b465ee728b)
Start importing Assets/Materials/ObjectFog.mat using Guid(ebe49d596ca1fd54da43fcf1905d2142) Importer(815301076,1909f56bfc062723c751e8b465ee728b) (PreviewImporter) -> (artifact id: '62de730503ff9fd5f4b6236a58afdb76') in 0.9115721 seconds
Number of updated asset objects reloaded before import = 0Number of asset objects unloaded after import = 0

========================================================================
Received Import Request.
  Time since last request: 86.420979 seconds.
  path: Assets/Materials/AmbientGlitter.mat
  artifactKey: Guid(dd7bba94082c8a943a154dec901de241) Importer(815301076,1909f56bfc062723c751e8b465ee728b)
Start importing Assets/Materials/AmbientGlitter.mat using Guid(dd7bba94082c8a943a154dec901de241) Importer(815301076,1909f56bfc062723c751e8b465ee728b) (PreviewImporter) -> (artifact id: '8c76bcacc0bdbfa32ce19587d0881601') in 0.2683214 seconds
Number of updated asset objects reloaded before import = 3Number of asset objects unloaded after import = 7

========================================================================
Received Import Request.
  Time since last request: 0.000033 seconds.
  path: Assets/Materials/ObjectFog.mat
  artifactKey: Guid(ebe49d596ca1fd54da43fcf1905d2142) Importer(815301076,1909f56bfc062723c751e8b465ee728b)
Start importing Assets/Materials/ObjectFog.mat using Guid(ebe49d596ca1fd54da43fcf1905d2142) Importer(815301076,1909f56bfc062723c751e8b465ee728b) (PreviewImporter) -> (artifact id: 'd2fda7b13361a8008ce291e7cde9bcf2') in 0.6493252 seconds
Number of updated asset objects reloaded before import = 0Number of asset objects unloaded after import = 0

========================================================================
Received Import Request.
  Time since last request: 129.930229 seconds.
  path: Assets/Materials/AmbientGlitter.mat
  artifactKey: Guid(dd7bba94082c8a943a154dec901de241) Importer(815301076,1909f56bfc062723c751e8b465ee728b)
Start importing Assets/Materials/AmbientGlitter.mat using Guid(dd7bba94082c8a943a154dec901de241) Importer(815301076,1909f56bfc062723c751e8b465ee728b) (PreviewImporter) -> (artifact id: '83ff77df93823c8ffb0a1a936358cd4e') in 0.4115867 seconds
Number of updated asset objects reloaded before import = 3Number of asset objects unloaded after import = 7

========================================================================
Received Import Request.
  Time since last request: 0.000039 seconds.
  path: Assets/Materials/ObjectFog.mat
  artifactKey: Guid(ebe49d596ca1fd54da43fcf1905d2142) Importer(815301076,1909f56bfc062723c751e8b465ee728b)
Start importing Assets/Materials/ObjectFog.mat using Guid(ebe49d596ca1fd54da43fcf1905d2142) Importer(815301076,1909f56bfc062723c751e8b465ee728b) (PreviewImporter) -> (artifact id: '3673b894a590ead68b62446db5d96a04') in 0.8849471 seconds
Number of updated asset objects reloaded before import = 0Number of asset objects unloaded after import = 0

========================================================================
Received Prepare
Begin MonoManager ReloadAssembly
- Loaded All Assemblies, in  0.445 seconds
Refreshing native plugins compatible for Editor in 0.26 ms, found 2 plugins.
Native extension for WindowsStandalone target not found
The project currently uses the compatibility mode where the Render Graph API is disabled. Support for this mode will be removed in future Unity versions. Migrate existing ScriptableRenderPasses to the new RenderGraph API. After the migration, disable the compatibility mode in Edit > Projects Settings > Graphics > Render Graph.
UnityEngine.Debug:ExtractStackTraceNoAlloc (byte*,int,string)
UnityEngine.StackTraceUtility:ExtractStackTrace ()
UnityEngine.DebugLogHandler:Internal_Log (UnityEngine.LogType,UnityEngine.LogOption,string,UnityEngine.Object)
UnityEngine.DebugLogHandler:LogFormat (UnityEngine.LogType,UnityEngine.Object,string,object[])
UnityEngine.Logger:Log (UnityEngine.LogType,object)
UnityEngine.Debug:LogWarning (object)
UnityEngine.Rendering.Universal.WarnUsingNonRenderGraph:EmitConsoleWarning () (at ./Packages/com.unity.render-pipelines.universal@506b3deb0041/Runtime/Data/UniversalRenderPipelineAsset.cs:427)
System.Reflection.RuntimeMethodInfo:Invoke (object,System.Reflection.BindingFlags,System.Reflection.Binder,object[],System.Globalization.CultureInfo)
System.Reflection.MethodBase:Invoke (object,object[])
UnityEditor.EditorAssemblies:ProcessInitializeOnLoadMethodAttributes ()

(Filename: ./Packages/com.unity.render-pipelines.universal@506b3deb0041/Runtime/Data/UniversalRenderPipelineAsset.cs Line: 427)

Mono: successfully reloaded assembly
- Finished resetting the current domain, in  0.469 seconds
Domain Reload Profiling: 916ms
	BeginReloadAssembly (169ms)
		ExecutionOrderSort (0ms)
		DisableScriptedObjects (12ms)
		BackupInstance (0ms)
		ReleaseScriptingObjects (0ms)
		CreateAndSetChildDomain (45ms)
	RebuildCommonClasses (27ms)
	RebuildNativeTypeToScriptingClass (10ms)
	initialDomainReloadingComplete (18ms)
	LoadAllAssembliesAndSetupDomain (223ms)
		LoadAssemblies (215ms)
		RebuildTransferFunctionScriptingTraits (0ms)
		AnalyzeDomain (89ms)
			TypeCache.Refresh (5ms)
				TypeCache.ScanAssembly (0ms)
			BuildScriptInfoCaches (75ms)
			ResolveRequiredComponents (7ms)
	FinalizeReload (470ms)
		ReleaseScriptCaches (0ms)
		RebuildScriptCaches (0ms)
		SetupLoadedEditorAssemblies (326ms)
			LogAssemblyErrors (0ms)
			InitializePlatformSupportModulesInManaged (2ms)
			SetLoadedEditorAssemblies (2ms)
			BeforeProcessingInitializeOnLoad (59ms)
			ProcessInitializeOnLoadAttributes (209ms)
			ProcessInitializeOnLoadMethodAttributes (52ms)
			AfterProcessingInitializeOnLoad (1ms)
			EditorAssembliesLoaded (0ms)
		ExecutionOrderSort2 (0ms)
		AwakeInstancesAfterBackupRestoration (11ms)
Refreshing native plugins compatible for Editor in 0.34 ms, found 2 plugins.
Preloading 0 native plugins for Editor in 0.00 ms.
Unloading 23 Unused Serialized files (Serialized files now loaded: 0)
Unloading 3927 unused Assets / (3.7 MB). Loaded Objects now: 4687.
Memory consumption went from 134.7 MB to 131.0 MB.
Total: 5.331700 ms (FindLiveObjects: 0.378000 ms CreateObjectMapping: 0.266300 ms MarkObjects: 3.372200 ms  DeleteObjects: 1.314400 ms)

Prepare: number of updated asset objects reloaded= 0
========================================================================
Received Import Request.
  Time since last request: 106.312740 seconds.
  path: Assets/Materials/AmbientGlitter.mat
  artifactKey: Guid(dd7bba94082c8a943a154dec901de241) Importer(815301076,1909f56bfc062723c751e8b465ee728b)
Start importing Assets/Materials/AmbientGlitter.mat using Guid(dd7bba94082c8a943a154dec901de241) Importer(815301076,1909f56bfc062723c751e8b465ee728b) (PreviewImporter) -> (artifact id: '042729cd4692e0b6abc998327317072c') in 0.7324477 seconds
Number of updated asset objects reloaded before import = 4Number of asset objects unloaded after import = 7

========================================================================
Received Import Request.
  Time since last request: 0.000029 seconds.
  path: Assets/Materials/ObjectFog.mat
  artifactKey: Guid(ebe49d596ca1fd54da43fcf1905d2142) Importer(815301076,1909f56bfc062723c751e8b465ee728b)
Start importing Assets/Materials/ObjectFog.mat using Guid(ebe49d596ca1fd54da43fcf1905d2142) Importer(815301076,1909f56bfc062723c751e8b465ee728b) (PreviewImporter) -> (artifact id: '64a0c8009684f747e9501d3c3b77d124') in 0.6710886 seconds
Number of updated asset objects reloaded before import = 0Number of asset objects unloaded after import = 0

========================================================================
Received Import Request.
  Time since last request: 56.722787 seconds.
  path: Assets/Materials/AmbientGlitter.mat
  artifactKey: Guid(dd7bba94082c8a943a154dec901de241) Importer(815301076,1909f56bfc062723c751e8b465ee728b)
Start importing Assets/Materials/AmbientGlitter.mat using Guid(dd7bba94082c8a943a154dec901de241) Importer(815301076,1909f56bfc062723c751e8b465ee728b) (PreviewImporter) -> (artifact id: '55675dd3803ec53663a0b7ec3df275c5') in 0.5005532 seconds
Number of updated asset objects reloaded before import = 4Number of asset objects unloaded after import = 6

========================================================================
Received Import Request.
  Time since last request: 0.000035 seconds.
  path: Assets/Materials/ObjectFog.mat
  artifactKey: Guid(ebe49d596ca1fd54da43fcf1905d2142) Importer(815301076,1909f56bfc062723c751e8b465ee728b)
Start importing Assets/Materials/ObjectFog.mat using Guid(ebe49d596ca1fd54da43fcf1905d2142) Importer(815301076,1909f56bfc062723c751e8b465ee728b) (PreviewImporter) -> (artifact id: '89f078a3f3c1c5f10e1c6fba013ec61d') in 0.771093 seconds
Number of updated asset objects reloaded before import = 0Number of asset objects unloaded after import = 0

========================================================================
Received Import Request.
  Time since last request: 367.583035 seconds.
  path: Assets/Materials/AmbientGlitter.mat
  artifactKey: Guid(dd7bba94082c8a943a154dec901de241) Importer(815301076,1909f56bfc062723c751e8b465ee728b)
Start importing Assets/Materials/AmbientGlitter.mat using Guid(dd7bba94082c8a943a154dec901de241) Importer(815301076,1909f56bfc062723c751e8b465ee728b) (PreviewImporter) -> (artifact id: 'eb749e3a95c05d9e3891016c2e9447e8') in 0.4038816 seconds
Number of updated asset objects reloaded before import = 4Number of asset objects unloaded after import = 6

========================================================================
Received Import Request.
  Time since last request: 0.000036 seconds.
  path: Assets/Materials/ObjectFog.mat
  artifactKey: Guid(ebe49d596ca1fd54da43fcf1905d2142) Importer(815301076,1909f56bfc062723c751e8b465ee728b)
Start importing Assets/Materials/ObjectFog.mat using Guid(ebe49d596ca1fd54da43fcf1905d2142) Importer(815301076,1909f56bfc062723c751e8b465ee728b) (PreviewImporter) -> (artifact id: '0626433dca4caeeb4deb6584be84a1df') in 1.0232453 seconds
Number of updated asset objects reloaded before import = 0Number of asset objects unloaded after import = 0

========================================================================
Received Import Request.
  Time since last request: 105.696306 seconds.
  path: Assets/Materials/WhiteGlow.mat
  artifactKey: Guid(4200fe805bac6a24188ac7013ac006a8) Importer(815301076,1909f56bfc062723c751e8b465ee728b)
Start importing Assets/Materials/WhiteGlow.mat using Guid(4200fe805bac6a24188ac7013ac006a8) Importer(815301076,1909f56bfc062723c751e8b465ee728b) (PreviewImporter) -> (artifact id: '68e374f99e46e924bca9b251059d482a') in 0.6084612 seconds
Number of updated asset objects reloaded before import = 4Number of asset objects unloaded after import = 7

========================================================================
Received Import Request.
  Time since last request: 11.807996 seconds.
  path: Assets/Materials/WhiteGlow.mat
  artifactKey: Guid(4200fe805bac6a24188ac7013ac006a8) Importer(815301076,1909f56bfc062723c751e8b465ee728b)
Start importing Assets/Materials/WhiteGlow.mat using Guid(4200fe805bac6a24188ac7013ac006a8) Importer(815301076,1909f56bfc062723c751e8b465ee728b) (PreviewImporter) -> (artifact id: '65ee3b04f567eff942ffd8200e9390ba') in 0.5353498 seconds
Number of updated asset objects reloaded before import = 1Number of asset objects unloaded after import = 7

========================================================================
Received Import Request.
  Time since last request: 28.028129 seconds.
  path: Assets/Materials/AmbientGlitter.mat
  artifactKey: Guid(dd7bba94082c8a943a154dec901de241) Importer(815301076,1909f56bfc062723c751e8b465ee728b)
Start importing Assets/Materials/AmbientGlitter.mat using Guid(dd7bba94082c8a943a154dec901de241) Importer(815301076,1909f56bfc062723c751e8b465ee728b) (PreviewImporter) -> (artifact id: 'c07e8be324d889112cb555c55f59fe3f') in 0.3973646 seconds
Number of updated asset objects reloaded before import = 4Number of asset objects unloaded after import = 6

========================================================================
Received Import Request.
  Time since last request: 0.000039 seconds.
  path: Assets/Materials/ObjectFog.mat
  artifactKey: Guid(ebe49d596ca1fd54da43fcf1905d2142) Importer(815301076,1909f56bfc062723c751e8b465ee728b)
Start importing Assets/Materials/ObjectFog.mat using Guid(ebe49d596ca1fd54da43fcf1905d2142) Importer(815301076,1909f56bfc062723c751e8b465ee728b) (PreviewImporter) -> (artifact id: '513a4f33f14f8c136aa7c931d60990b3') in 0.8505558 seconds
Number of updated asset objects reloaded before import = 0Number of asset objects unloaded after import = 0

========================================================================
Received Import Request.
  Time since last request: 85.569075 seconds.
  path: Assets/Materials/AmbientGlitter.mat
  artifactKey: Guid(dd7bba94082c8a943a154dec901de241) Importer(815301076,1909f56bfc062723c751e8b465ee728b)
Start importing Assets/Materials/AmbientGlitter.mat using Guid(dd7bba94082c8a943a154dec901de241) Importer(815301076,1909f56bfc062723c751e8b465ee728b) (PreviewImporter) -> (artifact id: '8c07edf9f1e98ef1a37bc5e8648ffa5a') in 0.4219521 seconds
Number of updated asset objects reloaded before import = 4Number of asset objects unloaded after import = 6

========================================================================
Received Import Request.
  Time since last request: 0.000027 seconds.
  path: Assets/Materials/ObjectFog.mat
  artifactKey: Guid(ebe49d596ca1fd54da43fcf1905d2142) Importer(815301076,1909f56bfc062723c751e8b465ee728b)
Start importing Assets/Materials/ObjectFog.mat using Guid(ebe49d596ca1fd54da43fcf1905d2142) Importer(815301076,1909f56bfc062723c751e8b465ee728b) (PreviewImporter) -> (artifact id: '03b5edca868941f251b9457728fa8120') in 0.5948661 seconds
Number of updated asset objects reloaded before import = 0Number of asset objects unloaded after import = 0

========================================================================
Received Prepare
Begin MonoManager ReloadAssembly
- Loaded All Assemblies, in  3.484 seconds
Refreshing native plugins compatible for Editor in 0.24 ms, found 2 plugins.
Native extension for WindowsStandalone target not found
The project currently uses the compatibility mode where the Render Graph API is disabled. Support for this mode will be removed in future Unity versions. Migrate existing ScriptableRenderPasses to the new RenderGraph API. After the migration, disable the compatibility mode in Edit > Projects Settings > Graphics > Render Graph.
UnityEngine.Debug:ExtractStackTraceNoAlloc (byte*,int,string)
UnityEngine.StackTraceUtility:ExtractStackTrace ()
UnityEngine.DebugLogHandler:Internal_Log (UnityEngine.LogType,UnityEngine.LogOption,string,UnityEngine.Object)
UnityEngine.DebugLogHandler:LogFormat (UnityEngine.LogType,UnityEngine.Object,string,object[])
UnityEngine.Logger:Log (UnityEngine.LogType,object)
UnityEngine.Debug:LogWarning (object)
UnityEngine.Rendering.Universal.WarnUsingNonRenderGraph:EmitConsoleWarning () (at ./Packages/com.unity.render-pipelines.universal@506b3deb0041/Runtime/Data/UniversalRenderPipelineAsset.cs:427)
System.Reflection.RuntimeMethodInfo:Invoke (object,System.Reflection.BindingFlags,System.Reflection.Binder,object[],System.Globalization.CultureInfo)
System.Reflection.MethodBase:Invoke (object,object[])
UnityEditor.EditorAssemblies:ProcessInitializeOnLoadMethodAttributes ()

(Filename: ./Packages/com.unity.render-pipelines.universal@506b3deb0041/Runtime/Data/UniversalRenderPipelineAsset.cs Line: 427)

Mono: successfully reloaded assembly
- Finished resetting the current domain, in  0.722 seconds
Domain Reload Profiling: 4208ms
	BeginReloadAssembly (395ms)
		ExecutionOrderSort (0ms)
		DisableScriptedObjects (13ms)
		BackupInstance (0ms)
		ReleaseScriptingObjects (0ms)
		CreateAndSetChildDomain (46ms)
	RebuildCommonClasses (169ms)
	RebuildNativeTypeToScriptingClass (9ms)
	initialDomainReloadingComplete (19ms)
	LoadAllAssembliesAndSetupDomain (2893ms)
		LoadAssemblies (3099ms)
		RebuildTransferFunctionScriptingTraits (0ms)
		AnalyzeDomain (101ms)
			TypeCache.Refresh (6ms)
				TypeCache.ScanAssembly (0ms)
			BuildScriptInfoCaches (85ms)
			ResolveRequiredComponents (7ms)
	FinalizeReload (722ms)
		ReleaseScriptCaches (0ms)
		RebuildScriptCaches (0ms)
		SetupLoadedEditorAssemblies (385ms)
			LogAssemblyErrors (0ms)
			InitializePlatformSupportModulesInManaged (2ms)
			SetLoadedEditorAssemblies (2ms)
			BeforeProcessingInitializeOnLoad (67ms)
			ProcessInitializeOnLoadAttributes (250ms)
			ProcessInitializeOnLoadMethodAttributes (62ms)
			AfterProcessingInitializeOnLoad (1ms)
			EditorAssembliesLoaded (0ms)
		ExecutionOrderSort2 (0ms)
		AwakeInstancesAfterBackupRestoration (12ms)
Refreshing native plugins compatible for Editor in 0.36 ms, found 2 plugins.
Preloading 0 native plugins for Editor in 0.00 ms.
Unloading 13 Unused Serialized files (Serialized files now loaded: 0)
Unloading 3927 unused Assets / (3.4 MB). Loaded Objects now: 4709.
Memory consumption went from 132.9 MB to 129.5 MB.
Total: 5.420200 ms (FindLiveObjects: 0.388700 ms CreateObjectMapping: 0.277300 ms MarkObjects: 3.395700 ms  DeleteObjects: 1.357600 ms)

Prepare: number of updated asset objects reloaded= 4
========================================================================
Received Import Request.
  Time since last request: 542.317927 seconds.
  path: Assets/Materials/ObjectFog.mat
  artifactKey: Guid(ebe49d596ca1fd54da43fcf1905d2142) Importer(815301076,1909f56bfc062723c751e8b465ee728b)
Start importing Assets/Materials/ObjectFog.mat using Guid(ebe49d596ca1fd54da43fcf1905d2142) Importer(815301076,1909f56bfc062723c751e8b465ee728b) (PreviewImporter) -> (artifact id: '49559a0d8c6b3e2b74cfdba4035b3935') in 0.8692681 seconds
Number of updated asset objects reloaded before import = 1Number of asset objects unloaded after import = 1

========================================================================
Received Import Request.
  Time since last request: 10.001819 seconds.
  path: Assets/Materials/ObjectFog.mat
  artifactKey: Guid(ebe49d596ca1fd54da43fcf1905d2142) Importer(815301076,1909f56bfc062723c751e8b465ee728b)
Start importing Assets/Materials/ObjectFog.mat using Guid(ebe49d596ca1fd54da43fcf1905d2142) Importer(815301076,1909f56bfc062723c751e8b465ee728b) (PreviewImporter) -> (artifact id: 'b9ba1c874483bd3083350ea258ad8fad') in 0.5120742 seconds
Number of updated asset objects reloaded before import = 1Number of asset objects unloaded after import = 0

========================================================================
Received Import Request.
  Time since last request: 8.359513 seconds.
  path: Assets/Materials/ObjectFog.mat
  artifactKey: Guid(ebe49d596ca1fd54da43fcf1905d2142) Importer(815301076,1909f56bfc062723c751e8b465ee728b)
Start importing Assets/Materials/ObjectFog.mat using Guid(ebe49d596ca1fd54da43fcf1905d2142) Importer(815301076,1909f56bfc062723c751e8b465ee728b) (PreviewImporter) -> (artifact id: '04c08b522325d5551ac4ed5bec7f4067') in 0.4978092 seconds
Number of updated asset objects reloaded before import = 1Number of asset objects unloaded after import = 0

========================================================================
Received Import Request.
  Time since last request: 7.914655 seconds.
  path: Assets/Materials/ObjectFog.mat
  artifactKey: Guid(ebe49d596ca1fd54da43fcf1905d2142) Importer(815301076,1909f56bfc062723c751e8b465ee728b)
Start importing Assets/Materials/ObjectFog.mat using Guid(ebe49d596ca1fd54da43fcf1905d2142) Importer(815301076,1909f56bfc062723c751e8b465ee728b) (PreviewImporter) -> (artifact id: 'a3750319f363bc565e0578569c7df852') in 0.6180919 seconds
Number of updated asset objects reloaded before import = 1Number of asset objects unloaded after import = 0

========================================================================
Received Import Request.
  Time since last request: 121.755083 seconds.
  path: Assets/Materials/LightFog.mat
  artifactKey: Guid(b294a79f72a0c2e4ba1c158804860e34) Importer(815301076,1909f56bfc062723c751e8b465ee728b)
Start importing Assets/Materials/LightFog.mat using Guid(b294a79f72a0c2e4ba1c158804860e34) Importer(815301076,1909f56bfc062723c751e8b465ee728b) (PreviewImporter) -> (artifact id: '6d1a85d84187e897b7559ae4a9ba6f4c') in 0.1513126 seconds
Number of updated asset objects reloaded before import = 1Number of asset objects unloaded after import = 6

========================================================================
Received Import Request.
  Time since last request: 5.946862 seconds.
  path: Assets/Materials/LightFog.mat
  artifactKey: Guid(b294a79f72a0c2e4ba1c158804860e34) Importer(815301076,1909f56bfc062723c751e8b465ee728b)
Start importing Assets/Materials/LightFog.mat using Guid(b294a79f72a0c2e4ba1c158804860e34) Importer(815301076,1909f56bfc062723c751e8b465ee728b) (PreviewImporter) -> (artifact id: 'eaf4b41d9a2031646d10627efdea2c01') in 0.1390445 seconds
Number of updated asset objects reloaded before import = 1Number of asset objects unloaded after import = 6

========================================================================
Received Import Request.
  Time since last request: 9.154746 seconds.
  path: Assets/Materials/LightFog.mat
  artifactKey: Guid(b294a79f72a0c2e4ba1c158804860e34) Importer(815301076,1909f56bfc062723c751e8b465ee728b)
Start importing Assets/Materials/LightFog.mat using Guid(b294a79f72a0c2e4ba1c158804860e34) Importer(815301076,1909f56bfc062723c751e8b465ee728b) (PreviewImporter) -> (artifact id: '06f95091133824a17c37f7630c59fb09') in 0.5754267 seconds
Number of updated asset objects reloaded before import = 1Number of asset objects unloaded after import = 6

========================================================================
Received Import Request.
  Time since last request: 169.227975 seconds.
  path: Assets/Materials/AmbientGlitter.mat
  artifactKey: Guid(dd7bba94082c8a943a154dec901de241) Importer(815301076,1909f56bfc062723c751e8b465ee728b)
Start importing Assets/Materials/AmbientGlitter.mat using Guid(dd7bba94082c8a943a154dec901de241) Importer(815301076,1909f56bfc062723c751e8b465ee728b) (PreviewImporter) -> (artifact id: 'ed7d8704a7477edfd8866aa0fd9e5aee') in 0.4005049 seconds
Number of updated asset objects reloaded before import = 4Number of asset objects unloaded after import = 6

========================================================================
Received Import Request.
  Time since last request: 0.000059 seconds.
  path: Assets/Materials/ObjectFog.mat
  artifactKey: Guid(ebe49d596ca1fd54da43fcf1905d2142) Importer(815301076,1909f56bfc062723c751e8b465ee728b)
Start importing Assets/Materials/ObjectFog.mat using Guid(ebe49d596ca1fd54da43fcf1905d2142) Importer(815301076,1909f56bfc062723c751e8b465ee728b) (PreviewImporter) -> (artifact id: 'e95686a87ee6c70bf3606f0c203a350d') in 0.9214114 seconds
Number of updated asset objects reloaded before import = 0Number of asset objects unloaded after import = 0

========================================================================
Received Import Request.
  Time since last request: 0.000042 seconds.
  path: Assets/Materials/WhiteGlow.mat
  artifactKey: Guid(4200fe805bac6a24188ac7013ac006a8) Importer(815301076,1909f56bfc062723c751e8b465ee728b)
Start importing Assets/Materials/WhiteGlow.mat using Guid(4200fe805bac6a24188ac7013ac006a8) Importer(815301076,1909f56bfc062723c751e8b465ee728b) (PreviewImporter) -> (artifact id: '0028c319dfc4457babc822dd2dc5309f') in 0.5405238 seconds
Number of updated asset objects reloaded before import = 0Number of asset objects unloaded after import = 7

========================================================================
Received Import Request.
  Time since last request: 451.470522 seconds.
  path: Assets/Materials/AmbientGlitter.mat
  artifactKey: Guid(dd7bba94082c8a943a154dec901de241) Importer(815301076,1909f56bfc062723c751e8b465ee728b)
Start importing Assets/Materials/AmbientGlitter.mat using Guid(dd7bba94082c8a943a154dec901de241) Importer(815301076,1909f56bfc062723c751e8b465ee728b) (PreviewImporter) -> (artifact id: 'abdd9b8aca0990f70257d0c6ba76bca2') in 0.4236369 seconds
Number of updated asset objects reloaded before import = 4Number of asset objects unloaded after import = 6

========================================================================
Received Import Request.
  Time since last request: 0.000037 seconds.
  path: Assets/Materials/ObjectFog.mat
  artifactKey: Guid(ebe49d596ca1fd54da43fcf1905d2142) Importer(815301076,1909f56bfc062723c751e8b465ee728b)
Start importing Assets/Materials/ObjectFog.mat using Guid(ebe49d596ca1fd54da43fcf1905d2142) Importer(815301076,1909f56bfc062723c751e8b465ee728b) (PreviewImporter) -> (artifact id: '9cf911306555a10e80ab78c94d7e819e') in 0.8387378 seconds
Number of updated asset objects reloaded before import = 0Number of asset objects unloaded after import = 0

========================================================================
Received Import Request.
  Time since last request: 9.613852 seconds.
  path: Assets/Materials/AmbientGlitter.mat
  artifactKey: Guid(dd7bba94082c8a943a154dec901de241) Importer(815301076,1909f56bfc062723c751e8b465ee728b)
Start importing Assets/Materials/AmbientGlitter.mat using Guid(dd7bba94082c8a943a154dec901de241) Importer(815301076,1909f56bfc062723c751e8b465ee728b) (PreviewImporter) -> (artifact id: 'a22f9692c6ac9a898057f802fe2b4ee7') in 0.2848815 seconds
Number of updated asset objects reloaded before import = 4Number of asset objects unloaded after import = 6

========================================================================
Received Import Request.
  Time since last request: 0.000035 seconds.
  path: Assets/Materials/ObjectFog.mat
  artifactKey: Guid(ebe49d596ca1fd54da43fcf1905d2142) Importer(815301076,1909f56bfc062723c751e8b465ee728b)
Start importing Assets/Materials/ObjectFog.mat using Guid(ebe49d596ca1fd54da43fcf1905d2142) Importer(815301076,1909f56bfc062723c751e8b465ee728b) (PreviewImporter) -> (artifact id: '4cfb22192a80c69b3b6f3d0e89c89b94') in 0.671778 seconds
Number of updated asset objects reloaded before import = 0Number of asset objects unloaded after import = 0

========================================================================
Received Import Request.
  Time since last request: 16.434926 seconds.
  path: Assets/Materials/LightFog.mat
  artifactKey: Guid(b294a79f72a0c2e4ba1c158804860e34) Importer(815301076,1909f56bfc062723c751e8b465ee728b)
Start importing Assets/Materials/LightFog.mat using Guid(b294a79f72a0c2e4ba1c158804860e34) Importer(815301076,1909f56bfc062723c751e8b465ee728b) (PreviewImporter) -> (artifact id: 'cb089fd8eb3205a4d1dbcbdaf1117696') in 0.665868 seconds
Number of updated asset objects reloaded before import = 4Number of asset objects unloaded after import = 6

========================================================================
Received Import Request.
  Time since last request: 0.000029 seconds.
  path: Assets/Materials/WhiteGlow.mat
  artifactKey: Guid(4200fe805bac6a24188ac7013ac006a8) Importer(815301076,1909f56bfc062723c751e8b465ee728b)
Start importing Assets/Materials/WhiteGlow.mat using Guid(4200fe805bac6a24188ac7013ac006a8) Importer(815301076,1909f56bfc062723c751e8b465ee728b) (PreviewImporter) -> (artifact id: 'b8ee979a961f47eee9f733ec014e06b6') in 0.5432805 seconds
Number of updated asset objects reloaded before import = 0Number of asset objects unloaded after import = 7

========================================================================
Received Import Request.
  Time since last request: 25.150112 seconds.
  path: Assets/Graphics/URP/ObjectRenderer.asset
  artifactKey: Guid(c6c091eb745b60b4c80ff1bebd8eff77) Importer(815301076,1909f56bfc062723c751e8b465ee728b)
Start importing Assets/Graphics/URP/ObjectRenderer.asset using Guid(c6c091eb745b60b4c80ff1bebd8eff77) Importer(815301076,1909f56bfc062723c751e8b465ee728b) (PreviewImporter) -> (artifact id: '8c87739af85c7d50e8621024f635c1f0') in 0.0134092 seconds
Number of updated asset objects reloaded before import = 0Number of asset objects unloaded after import = 1

========================================================================
Received Import Request.
  Time since last request: 411.979484 seconds.
  path: Assets/Graphics/URP/FogRenderer.asset
  artifactKey: Guid(e14b82785363e83448a9bd726d85d65a) Importer(815301076,1909f56bfc062723c751e8b465ee728b)
Start importing Assets/Graphics/URP/FogRenderer.asset using Guid(e14b82785363e83448a9bd726d85d65a) Importer(815301076,1909f56bfc062723c751e8b465ee728b) (PreviewImporter) -> (artifact id: '83a7a0da7b050025d4b2f21276b825ce') in 0.0013448 seconds
Number of updated asset objects reloaded before import = 7Number of asset objects unloaded after import = 0

